<?xml version="1.0" encoding="UTF-8"?>
<!-- Generated by org.testng.reporters.JUnitXMLReporter -->
<testsuite ignored="0" hostname="Anusha" failures="0" tests="3" name="Default test" time="22.164" errors="0" timestamp="2024-10-04T18:06:05 IST">
  <testcase classname="interview.test" name="verifyProductOrder" time="22.104"/>
  <testcase classname="Arraysclass.sampleTest" name="t1" time="0.002"/>
  <testcase classname="Arraysclass.sampleTest" name="t2" time="0.001"/>
</testsuite> <!-- Default test -->
