<?xml version="1.0" encoding="UTF-8"?>
<testng-results ignored="0" total="3" passed="3" failed="0" skipped="0">
  <reporter-output>
  </reporter-output>
  <suite started-at="2024-10-04T18:17:22 IST" name="Suite" finished-at="2024-10-04T18:17:43 IST" duration-ms="21431">
    <groups>
    </groups>
    <test started-at="2024-10-04T18:17:22 IST" name="Test" finished-at="2024-10-04T18:17:43 IST" duration-ms="21431">
      <class name="interview.test">
        <test-method signature="verifyProductOrder()[pri:0, instance:interview.test@6aba2b86]" started-at="2024-10-04T18:17:22 IST" name="verifyProductOrder" finished-at="2024-10-04T18:17:43 IST" duration-ms="21366" status="PASS">
          <reporter-output>
          </reporter-output>
        </test-method> <!-- verifyProductOrder -->
      </class> <!-- interview.test -->
      <class name="Arraysclass.sampleTest">
        <test-method signature="t1()[pri:0, instance:Arraysclass.sampleTest@5fdcaa40]" started-at="2024-10-04T18:17:22 IST" name="t1" finished-at="2024-10-04T18:17:22 IST" duration-ms="8" status="PASS">
          <reporter-output>
          </reporter-output>
        </test-method> <!-- t1 -->
        <test-method signature="t2()[pri:0, instance:Arraysclass.sampleTest@5fdcaa40]" started-at="2024-10-04T18:17:22 IST" name="t2" finished-at="2024-10-04T18:17:22 IST" duration-ms="2" status="PASS">
          <reporter-output>
          </reporter-output>
        </test-method> <!-- t2 -->
      </class> <!-- Arraysclass.sampleTest -->
    </test> <!-- Test -->
  </suite> <!-- Suite -->
</testng-results>
