<?xml version="1.0" encoding="UTF-8"?>
<testsuite xmlns:xsi="http://www.w3.org/2001/XMLSchema-instance" xsi:noNamespaceSchemaLocation="https://maven.apache.org/surefire/maven-surefire-plugin/xsd/surefire-test-report.xsd" version="3.0.1" name="TestSuite" time="21.95" tests="3" errors="0" skipped="0" failures="0">
  <properties>
[...]
</properties>
  <testcase name="t1" classname="Arraysclass.sampleTest" time="0.01">
    <system-out><![CDATA[test1
]]></system-out>
    <system-err><![CDATA[SLF4J(W): No SLF4J providers were found.
SLF4J(W): Defaulting to no-operation (NOP) logger implementation
SLF4J(W): See https://www.slf4j.org/codes.html#noProviders for further details.
]]></system-err>
  </testcase>
  <testcase name="t2" classname="Arraysclass.sampleTest" time="0.0">
    <system-out><![CDATA[test2
]]></system-out>
  </testcase>
  <testcase name="verifyProductOrder" classname="interview.test" time="21.365">
    <system-out><![CDATA[LG Sound Bar Snc4R, 4.1 Ch, 420W Soundbar with Wireless Subwoofer, Wireless Rear Speaker, Black=0
ZEBRONICS Juke BAR 7400 PRO 5.1 Channel soundbar with 6.5" subwoofer, 180W RMS, Dual Rear Satellites, HDMI (ARC), Optical in, AUX, BT v5.0, USB in, Remote Control,LED Display and Wall Mount(Black)=6498
JBL Cinema SB241, Dolby Digital Soundbar with Wired Subwoofer for Extra Deep Bass, 2.1 Channel Home Theatre with Remote, HDMI ARC, Bluetooth & Optical Connectivity (110W)=6998
GOVO GOSURROUND 950 | 280W Sound bar | 5.1 Channel Home Theatre with 6.5" subwoofer | Dual Rear Satellites, HDMI, AUX, USB & Bluetooth, 5 Equalizer Modes, Stylish Remote & LED Display (Platinum Black)=6999
(Refurbished) LG Electronics SPK8-S 2.0 Channel Sound Bar Wireless Rear Speaker Kit (Black)=8999
Samsung Soundbar (HW-C45E/XL) 2.1 Channel, 300W, Dolby Digital, 3 Speakers, Wireless Subwoofer, Bluetooth Enabled and DTS Virtual X Experience Sound (Black)=9989
JBL Cinema SB271, Dolby Digital Soundbar with Wireless Subwoofer for Extra Deep Bass, 2.1 Channel Home Theatre with Remote, HDMI ARC, Bluetooth & Optical Connectivity (220W)=9999
Mivi Fort Q700D Dolby Home Audio | 700W Sound bar, 5.1 Channel Home Theatre, 8-inch subwoofer, 2 Satellite Speakers, 4 Unique Input and 5 EQ Modes, LED Display, Remote Control=9999
JBL Cinema SB510, Dolby Audio Soundbar with Built-in Subwoofer, 3.1 Channel, Center channel for superior voice clarity, HDMI eARC, Bluetooth & Optical Connectivity (200W)=11999
Sony HT-S20R Real 5.1ch Dolby Digital Soundbar for TV with subwoofer and Compact Rear Speakers, 5.1ch Home Theatre System (400W,Bluetooth & USB Connectivity, HDMI & Optical connectivity)=14700
JBL Cinema SB190 Deep Bass, Dolby Atmos Soundbar with Wireless Subwoofer for Extra Deep Bass, 2.1 Channel with Remote, Sound Mode for Voice Clarity, HDMI eARC, Bluetooth & Optical Connectivity (380W)=14997
ZEBRONICS Juke BAR 9551 Soundbar, 5.2 Surround, Dolby Audio, 625 Watts, Triple Driver Soundbar, Dual (Wireless Rear Satellites & Wireless Subwoofer), Bluetooth v5.3 | HDMI (ARC) | Optical | USB | AUX=16998
Samsung Soundbar (HW-B67E/XL) 5.1 Channel, Wireless Subwoofer, 1x Wireless Rear Speaker, 1x Center Speaker and Energy Star, Dolby 5.1ch & DTS Virtual X Experience Sound (Black)=21988
LG Sound Bar S65Tr, 5.1Ch, 600W Dolby Digital Soundbar for Tv with Wireless Woofer and Wireless Rear Speaker, Hdmi Optical Connectivity,Black=22989
Sony HT-S40R Real 5.1ch Dolby Audio Soundbar for TV with Subwoofer & Wireless Rear Speakers, 5.1ch Home Theatre System (600W, Bluetooth & USB Connectivity, HDMI & Optical Connectivity, Sound Mode)=23490
ZEBRONICS New Launch Juke BAR 9900, 725 Watts, Karaoke UHF Mic, Dolby Atmos, DTS X, 7.2.2 (5.2.4) Surround Soundbar with Dual Wireless Subwoofer & Satellites, HDMI eARC, Optical in, RGB LED=24999
Samsung Q-Symphony Soundbar (HW-Q600C/XL), USB, Bluetooth with 3.1.2 Channel, Wireless Subwoofer, and 2 Up-Firing Speakers, Dolby Atmos Music (Black)=25988
LG New Launch Sq75Tr,600W,5.1.1Ch,Dolby Atmos,Center Up-Firing Speaker,Ai Sound Pro,Wow Synergy,Wireless Subwoofer,Rear Speaker Inbuilt Receiver,Qned Matching Bracket Inside(2024 Qned Tv),Black=36998
]]></system-out>
    <system-err><![CDATA[Oct 04, 2024 6:17:27 PM org.openqa.selenium.devtools.CdpVersionFinder findNearestMatch
WARNING: Unable to find an exact match for CDP version 129, returning the closest version; found: 128; Please update to a Selenium version that supports CDP version 129
]]></system-err>
  </testcase>
</testsuite>