<?xml version="1.0" encoding="UTF-8"?>
<testng-results ignored="0" total="3" passed="3" failed="0" skipped="0">
  <reporter-output>
  </reporter-output>
  <suite started-at="2024-10-04T18:05:43 IST" name="Default suite" finished-at="2024-10-04T18:06:05 IST" duration-ms="22164">
    <groups>
    </groups>
    <test started-at="2024-10-04T18:05:43 IST" name="Default test" finished-at="2024-10-04T18:06:05 IST" duration-ms="22164">
      <class name="interview.test">
        <test-method signature="verifyProductOrder()[pri:0, instance:interview.test@248e319b]" started-at="2024-10-04T18:05:43 IST" name="verifyProductOrder" finished-at="2024-10-04T18:06:05 IST" duration-ms="22104" status="PASS">
          <reporter-output>
          </reporter-output>
        </test-method> <!-- verifyProductOrder -->
      </class> <!-- interview.test -->
      <class name="Arraysclass.sampleTest">
        <test-method signature="t1()[pri:0, instance:Arraysclass.sampleTest@7161d8d1]" started-at="2024-10-04T18:06:05 IST" name="t1" finished-at="2024-10-04T18:06:05 IST" duration-ms="2" status="PASS">
          <reporter-output>
          </reporter-output>
        </test-method> <!-- t1 -->
        <test-method signature="t2()[pri:0, instance:Arraysclass.sampleTest@7161d8d1]" started-at="2024-10-04T18:06:05 IST" name="t2" finished-at="2024-10-04T18:06:05 IST" duration-ms="1" status="PASS">
          <reporter-output>
          </reporter-output>
        </test-method> <!-- t2 -->
      </class> <!-- Arraysclass.sampleTest -->
    </test> <!-- Default test -->
  </suite> <!-- Default suite -->
</testng-results>
